[16:09:23.096776] Generating 1 images takes 2.99451 seconds, 2.99451 sec per image
[16:09:23.111328] Saving Figures runtime: 0.010009527206420898s
[16:09:23.111364] Generation step 2/10001
[16:09:23.126605] Rolling MAR Enc-Dec runtime: 0.014424324035644531s
[16:09:23.132427] Rolling MAR Diff Head (Token num 1) runtime: 0.004761695861816406s
[16:09:23.144888] Rolling MAR Enc-Dec runtime: 0.011861562728881836s
[16:09:23.150239] Rolling MAR Diff Head (Token num 2) runtime: 0.004324913024902344s
[16:09:23.162658] Rolling MAR Enc-Dec runtime: 0.011844396591186523s
[16:09:23.167887] Rolling MAR Diff Head (Token num 3) runtime: 0.0042531490325927734s
[16:09:23.180258] Rolling MAR Enc-Dec runtime: 0.011809825897216797s
[16:09:23.185497] Rolling MAR Diff Head (Token num 4) runtime: 0.0042667388916015625s
[16:09:23.197893] Rolling MAR Enc-Dec runtime: 0.011808395385742188s
[16:09:23.203147] Rolling MAR Diff Head (Token num 5) runtime: 0.00428009033203125s
[16:09:23.215555] Rolling MAR Enc-Dec runtime: 0.011836767196655273s
[16:09:23.220794] Rolling MAR Diff Head (Token num 6) runtime: 0.004294395446777344s
[16:09:23.233137] Rolling MAR Enc-Dec runtime: 0.011766672134399414s
[16:09:23.238440] Rolling MAR Diff Head (Token num 7) runtime: 0.004334211349487305s
[16:09:23.250932] Rolling MAR Enc-Dec runtime: 0.011899709701538086s
[16:09:23.256244] Rolling MAR Diff Head (Token num 8) runtime: 0.004325389862060547s
[16:09:23.268601] Rolling MAR Enc-Dec runtime: 0.011774539947509766s
[16:09:23.273849] Rolling MAR Diff Head (Token num 9) runtime: 0.004298210144042969s
[16:09:23.286252] Rolling MAR Enc-Dec runtime: 0.011827468872070312s
[16:09:23.291610] Rolling MAR Diff Head (Token num 10) runtime: 0.004355430603027344s
[16:09:23.304027] Rolling MAR Enc-Dec runtime: 0.011835336685180664s
[16:09:23.308581] Rolling MAR Diff Head (Token num 11) runtime: 0.003663778305053711s
[16:09:23.318771] Rolling MAR Enc-Dec runtime: 0.009681940078735352s
[16:09:23.323227] Rolling MAR Diff Head (Token num 12) runtime: 0.0036263465881347656s
[16:09:23.333507] Rolling MAR Enc-Dec runtime: 0.009779691696166992s
[16:09:23.338022] Rolling MAR Diff Head (Token num 13) runtime: 0.003648996353149414s
[16:09:23.348346] Rolling MAR Enc-Dec runtime: 0.009814262390136719s
[16:09:23.352824] Rolling MAR Diff Head (Token num 14) runtime: 0.0036444664001464844s
[16:09:23.363106] Rolling MAR Enc-Dec runtime: 0.00977945327758789s
[16:09:23.367648] Rolling MAR Diff Head (Token num 15) runtime: 0.0036699771881103516s
[16:09:23.377920] Rolling MAR Enc-Dec runtime: 0.009758472442626953s
[16:09:23.382466] Rolling MAR Diff Head (Token num 16) runtime: 0.003660440444946289s
[16:09:23.392771] Rolling MAR Enc-Dec runtime: 0.009796619415283203s
[16:09:23.397375] Rolling MAR Diff Head (Token num 17) runtime: 0.0037043094635009766s
[16:09:23.407687] Rolling MAR Enc-Dec runtime: 0.009789466857910156s
[16:09:23.412258] Rolling MAR Diff Head (Token num 18) runtime: 0.0036830902099609375s
[16:09:23.422537] Rolling MAR Enc-Dec runtime: 0.00976419448852539s
[16:09:23.427079] Rolling MAR Diff Head (Token num 19) runtime: 0.0036716461181640625s
[16:09:23.437340] Rolling MAR Enc-Dec runtime: 0.009748697280883789s
[16:09:23.441879] Rolling MAR Diff Head (Token num 20) runtime: 0.0036830902099609375s
[16:09:23.452126] Rolling MAR Enc-Dec runtime: 0.009745359420776367s
[16:09:23.456788] Rolling MAR Diff Head (Token num 21) runtime: 0.0038056373596191406s
[16:09:23.467126] Rolling MAR Enc-Dec runtime: 0.009820938110351562s
[16:09:23.471640] Rolling MAR Diff Head (Token num 22) runtime: 0.0036478042602539062s
[16:09:23.481923] Rolling MAR Enc-Dec runtime: 0.009749412536621094s
[16:09:23.486484] Rolling MAR Diff Head (Token num 23) runtime: 0.0036842823028564453s
[16:09:23.496726] Rolling MAR Enc-Dec runtime: 0.009691953659057617s
[16:09:23.501233] Rolling MAR Diff Head (Token num 24) runtime: 0.0036499500274658203s
[16:09:23.511441] Rolling MAR Enc-Dec runtime: 0.009685516357421875s
[16:09:23.516007] Rolling MAR Diff Head (Token num 25) runtime: 0.0036940574645996094s
[16:09:23.526241] Rolling MAR Enc-Dec runtime: 0.009722232818603516s
[16:09:23.530841] Rolling MAR Diff Head (Token num 26) runtime: 0.0037250518798828125s
[16:09:23.541003] Rolling MAR Enc-Dec runtime: 0.009658336639404297s
[16:09:23.545535] Rolling MAR Diff Head (Token num 27) runtime: 0.003666400909423828s
[16:09:23.555802] Rolling MAR Enc-Dec runtime: 0.009751081466674805s
[16:09:23.560322] Rolling MAR Diff Head (Token num 28) runtime: 0.003658294677734375s
[16:09:23.570494] Rolling MAR Enc-Dec runtime: 0.009677648544311523s
[16:09:23.574935] Rolling MAR Diff Head (Token num 29) runtime: 0.0036163330078125s
[16:09:23.585267] Rolling MAR Enc-Dec runtime: 0.00982809066772461s
[16:09:23.589918] Rolling MAR Diff Head (Token num 30) runtime: 0.0037648677825927734s
[16:09:23.600211] Rolling MAR Enc-Dec runtime: 0.009771347045898438s
[16:09:23.604748] Rolling MAR Diff Head (Token num 31) runtime: 0.003671407699584961s
[16:09:23.614973] Rolling MAR Enc-Dec runtime: 0.009719371795654297s
[16:09:23.619484] Rolling MAR Diff Head (Token num 32) runtime: 0.0036661624908447266s
[16:09:23.629678] Rolling MAR Enc-Dec runtime: 0.009685993194580078s
[16:09:23.634345] Rolling MAR Diff Head (Token num 34) runtime: 0.00370025634765625s
[16:09:23.644644] Rolling MAR Enc-Dec runtime: 0.009793996810913086s
[16:09:23.649170] Rolling MAR Diff Head (Token num 36) runtime: 0.0036652088165283203s
[16:09:23.659559] Rolling MAR Enc-Dec runtime: 0.009863615036010742s
[16:09:23.664142] Rolling MAR Diff Head (Token num 38) runtime: 0.0037050247192382812s
[16:09:23.674375] Rolling MAR Enc-Dec runtime: 0.009726762771606445s
[16:09:23.678885] Rolling MAR Diff Head (Token num 40) runtime: 0.0036728382110595703s
[16:09:23.689104] Rolling MAR Enc-Dec runtime: 0.009719610214233398s
[16:09:23.693595] Rolling MAR Diff Head (Token num 43) runtime: 0.003635883331298828s
[16:09:23.703785] Rolling MAR Enc-Dec runtime: 0.009698867797851562s
[16:09:23.708305] Rolling MAR Diff Head (Token num 45) runtime: 0.003689289093017578s
[16:09:23.718511] Rolling MAR Enc-Dec runtime: 0.00970768928527832s
[16:09:23.723044] Rolling MAR Diff Head (Token num 47) runtime: 0.0036993026733398438s
[16:09:23.733358] Rolling MAR Enc-Dec runtime: 0.009797096252441406s
[16:09:23.737876] Rolling MAR Diff Head (Token num 49) runtime: 0.0036630630493164062s
[16:09:23.748198] Rolling MAR Enc-Dec runtime: 0.009811878204345703s
[16:09:23.752787] Rolling MAR Diff Head (Token num 52) runtime: 0.003725290298461914s
[16:09:23.763041] Rolling MAR Enc-Dec runtime: 0.009739398956298828s
[16:09:23.767626] Rolling MAR Diff Head (Token num 54) runtime: 0.0037317276000976562s
[16:09:23.777911] Rolling MAR Enc-Dec runtime: 0.00977015495300293s
[16:09:23.782389] Rolling MAR Diff Head (Token num 57) runtime: 0.003641843795776367s
[16:09:23.792731] Rolling MAR Enc-Dec runtime: 0.009845733642578125s
[16:09:23.797362] Rolling MAR Diff Head (Token num 59) runtime: 0.00373077392578125s
[16:09:23.807716] Rolling MAR Enc-Dec runtime: 0.009814023971557617s
[16:09:23.812257] Rolling MAR Diff Head (Token num 62) runtime: 0.003699779510498047s
[16:09:23.822614] Rolling MAR Enc-Dec runtime: 0.009835958480834961s
[16:09:23.827183] Rolling MAR Diff Head (Token num 64) runtime: 0.0037012100219726562s
[16:09:23.837554] Rolling MAR Enc-Dec runtime: 0.009839057922363281s
[16:09:23.842176] Rolling MAR Diff Head (Token num 67) runtime: 0.0037348270416259766s
[16:09:23.852482] Rolling MAR Enc-Dec runtime: 0.009781837463378906s
[16:09:23.857124] Rolling MAR Diff Head (Token num 70) runtime: 0.003762483596801758s
[16:09:23.867540] Rolling MAR Enc-Dec runtime: 0.009866714477539062s
[16:09:23.872158] Rolling MAR Diff Head (Token num 73) runtime: 0.003742218017578125s
[16:09:23.882525] Rolling MAR Enc-Dec runtime: 0.009855508804321289s
[16:09:23.887080] Rolling MAR Diff Head (Token num 75) runtime: 0.003712892532348633s
[16:09:23.897362] Rolling MAR Enc-Dec runtime: 0.009769201278686523s
[16:09:23.901933] Rolling MAR Diff Head (Token num 78) runtime: 0.003679513931274414s
[16:09:23.912258] Rolling MAR Enc-Dec runtime: 0.009818792343139648s
[16:09:23.916833] Rolling MAR Diff Head (Token num 81) runtime: 0.0037107467651367188s
[16:09:23.927051] Rolling MAR Enc-Dec runtime: 0.009715557098388672s
[16:09:23.931567] Rolling MAR Diff Head (Token num 84) runtime: 0.0036907196044921875s
[16:09:23.941775] Rolling MAR Enc-Dec runtime: 0.009689569473266602s
[16:09:23.946401] Rolling MAR Diff Head (Token num 87) runtime: 0.003786802291870117s
[16:09:23.956668] Rolling MAR Enc-Dec runtime: 0.009759664535522461s
[16:09:23.961242] Rolling MAR Diff Head (Token num 90) runtime: 0.003725290298461914s
[16:09:23.971711] Rolling MAR Enc-Dec runtime: 0.00990152359008789s
[16:09:23.976284] Rolling MAR Diff Head (Token num 93) runtime: 0.0037279129028320312s
[16:09:23.986701] Rolling MAR Enc-Dec runtime: 0.009857654571533203s
[16:09:23.991198] Rolling MAR Diff Head (Token num 96) runtime: 0.003662586212158203s
[16:09:24.001445] Rolling MAR Enc-Dec runtime: 0.009748458862304688s
[16:09:24.005990] Rolling MAR Diff Head (Token num 100) runtime: 0.003676891326904297s
[16:09:24.016243] Rolling MAR Enc-Dec runtime: 0.009750843048095703s
[16:09:24.020779] Rolling MAR Diff Head (Token num 103) runtime: 0.003669261932373047s
[16:09:24.031032] Rolling MAR Enc-Dec runtime: 0.009754657745361328s
[16:09:24.035592] Rolling MAR Diff Head (Token num 106) runtime: 0.003702878952026367s
[16:09:24.045910] Rolling MAR Enc-Dec runtime: 0.009804487228393555s
[16:09:24.050494] Rolling MAR Diff Head (Token num 109) runtime: 0.003705739974975586s
[16:09:24.060737] Rolling MAR Enc-Dec runtime: 0.009726285934448242s
[16:09:24.065286] Rolling MAR Diff Head (Token num 113) runtime: 0.0036864280700683594s
[16:09:24.075568] Rolling MAR Enc-Dec runtime: 0.009734153747558594s
[16:09:24.080123] Rolling MAR Diff Head (Token num 116) runtime: 0.0036923885345458984s
[16:09:24.090399] Rolling MAR Enc-Dec runtime: 0.009766578674316406s
[16:09:24.094932] Rolling MAR Diff Head (Token num 119) runtime: 0.0036809444427490234s
[16:09:24.105134] Rolling MAR Enc-Dec runtime: 0.009685993194580078s
[16:09:24.109702] Rolling MAR Diff Head (Token num 123) runtime: 0.003697633743286133s
[16:09:24.120086] Rolling MAR Enc-Dec runtime: 0.009790182113647461s
[16:09:24.124697] Rolling MAR Diff Head (Token num 126) runtime: 0.003719329833984375s
[16:09:24.134944] Rolling MAR Enc-Dec runtime: 0.00972747802734375s
[16:09:24.139515] Rolling MAR Diff Head (Token num 130) runtime: 0.00371551513671875s
[16:09:24.149796] Rolling MAR Enc-Dec runtime: 0.009763956069946289s
[16:09:24.154347] Rolling MAR Diff Head (Token num 133) runtime: 0.0036919116973876953s
[16:09:24.164557] Rolling MAR Enc-Dec runtime: 0.00970768928527832s
[16:09:24.169036] Rolling MAR Diff Head (Token num 137) runtime: 0.0036432743072509766s
[16:09:24.179239] Rolling MAR Enc-Dec runtime: 0.009707450866699219s
[16:09:24.183787] Rolling MAR Diff Head (Token num 140) runtime: 0.0036983489990234375s
[16:09:24.194092] Rolling MAR Enc-Dec runtime: 0.009784936904907227s
[16:09:24.198731] Rolling MAR Diff Head (Token num 144) runtime: 0.003751993179321289s
[16:09:24.209017] Rolling MAR Enc-Dec runtime: 0.009763002395629883s
[16:09:24.213709] Rolling MAR Diff Head (Token num 148) runtime: 0.0038170814514160156s
[16:09:24.224015] Rolling MAR Enc-Dec runtime: 0.009784936904907227s
[16:09:24.228621] Rolling MAR Diff Head (Token num 151) runtime: 0.0037262439727783203s
[16:09:24.238870] Rolling MAR Enc-Dec runtime: 0.009735584259033203s
[16:09:24.243441] Rolling MAR Diff Head (Token num 155) runtime: 0.0037229061126708984s
[16:09:24.253791] Rolling MAR Enc-Dec runtime: 0.009806394577026367s
[16:09:24.258404] Rolling MAR Diff Head (Token num 159) runtime: 0.0037300586700439453s
[16:09:24.268676] Rolling MAR Enc-Dec runtime: 0.009712934494018555s
[16:09:24.273295] Rolling MAR Diff Head (Token num 162) runtime: 0.0037469863891601562s
[16:09:24.283744] Rolling MAR Enc-Dec runtime: 0.009878396987915039s
[16:09:24.288478] Rolling MAR Diff Head (Token num 166) runtime: 0.0038721561431884766s
[16:09:24.298781] Rolling MAR Enc-Dec runtime: 0.009781360626220703s
[16:09:24.303375] Rolling MAR Diff Head (Token num 170) runtime: 0.003725767135620117s
[16:09:24.313650] Rolling MAR Enc-Dec runtime: 0.009750843048095703s
[16:09:24.318250] Rolling MAR Diff Head (Token num 174) runtime: 0.0037195682525634766s
[16:09:24.328543] Rolling MAR Enc-Dec runtime: 0.009719371795654297s
[16:09:24.333097] Rolling MAR Diff Head (Token num 177) runtime: 0.0036988258361816406s
[16:09:24.343360] Rolling MAR Enc-Dec runtime: 0.009734392166137695s
[16:09:24.347952] Rolling MAR Diff Head (Token num 181) runtime: 0.0037174224853515625s
[16:09:24.358193] Rolling MAR Enc-Dec runtime: 0.009723901748657227s
[16:09:24.362856] Rolling MAR Diff Head (Token num 185) runtime: 0.0037758350372314453s
[16:09:24.373270] Rolling MAR Enc-Dec runtime: 0.009875297546386719s
[16:09:24.377836] Rolling MAR Diff Head (Token num 189) runtime: 0.003686666488647461s
[16:09:24.388129] Rolling MAR Enc-Dec runtime: 0.009769916534423828s
[16:09:24.392743] Rolling MAR Diff Head (Token num 193) runtime: 0.0037691593170166016s
[16:09:24.403163] Rolling MAR Enc-Dec runtime: 0.009849071502685547s
[16:09:24.407766] Rolling MAR Diff Head (Token num 197) runtime: 0.0037314891815185547s
[16:09:24.418321] Rolling MAR Enc-Dec runtime: 0.00988912582397461s
[16:09:24.422913] Rolling MAR Diff Head (Token num 201) runtime: 0.003731250762939453s
[16:09:24.433156] Rolling MAR Enc-Dec runtime: 0.009737491607666016s
[16:09:24.437702] Rolling MAR Diff Head (Token num 205) runtime: 0.0036764144897460938s
[16:09:24.447962] Rolling MAR Enc-Dec runtime: 0.009760856628417969s
[16:09:24.452481] Rolling MAR Diff Head (Token num 209) runtime: 0.0036656856536865234s
[16:09:24.462673] Rolling MAR Enc-Dec runtime: 0.00969243049621582s
[16:09:24.467148] Rolling MAR Diff Head (Token num 212) runtime: 0.003628969192504883s
[16:09:24.477363] Rolling MAR Enc-Dec runtime: 0.00971078872680664s
[16:09:24.482071] Rolling MAR Diff Head (Token num 216) runtime: 0.0038492679595947266s
[16:09:24.492374] Rolling MAR Enc-Dec runtime: 0.009791374206542969s
[16:09:24.496967] Rolling MAR Diff Head (Token num 220) runtime: 0.0037398338317871094s
[16:09:24.507341] Rolling MAR Enc-Dec runtime: 0.009842634201049805s
[16:09:24.511905] Rolling MAR Diff Head (Token num 224) runtime: 0.0036826133728027344s
[16:09:24.522192] Rolling MAR Enc-Dec runtime: 0.009772062301635742s
[16:09:24.526775] Rolling MAR Diff Head (Token num 228) runtime: 0.003720521926879883s
[16:09:24.537191] Rolling MAR Enc-Dec runtime: 0.009839773178100586s
[16:09:24.541761] Rolling MAR Diff Head (Token num 232) runtime: 0.0037000179290771484s
[16:09:24.551983] Rolling MAR Enc-Dec runtime: 0.009708404541015625s
[16:09:24.556534] Rolling MAR Diff Head (Token num 236) runtime: 0.0036940574645996094s
[16:09:24.566822] Rolling MAR Enc-Dec runtime: 0.00977015495300293s
[16:09:24.571428] Rolling MAR Diff Head (Token num 240) runtime: 0.0037384033203125s
[16:09:24.581825] Rolling MAR Enc-Dec runtime: 0.009868621826171875s
[16:09:24.586465] Rolling MAR Diff Head (Token num 244) runtime: 0.0037527084350585938s
[16:09:24.596844] Rolling MAR Enc-Dec runtime: 0.009792804718017578s
[16:09:24.601434] Rolling MAR Diff Head (Token num 248) runtime: 0.0037217140197753906s
[16:09:24.611837] Rolling MAR Enc-Dec runtime: 0.009878396987915039s
[16:09:24.616460] Rolling MAR Diff Head (Token num 252) runtime: 0.003758668899536133s
[16:09:24.626702] Rolling MAR Enc-Dec runtime: 0.009711742401123047s
[16:09:24.631271] Rolling MAR Diff Head (Token num 255) runtime: 0.003759145736694336s
[16:09:24.641582] Rolling MAR Enc-Dec runtime: 0.009765625s
[16:09:24.646174] Rolling MAR Diff Head (Token num 254) runtime: 0.0037505626678466797s
[16:09:24.656431] Rolling MAR Enc-Dec runtime: 0.009739875793457031s
[16:09:24.661049] Rolling MAR Diff Head (Token num 253) runtime: 0.0037660598754882812s
[16:09:24.671461] Rolling MAR Enc-Dec runtime: 0.009837865829467773s
[16:09:24.676243] Rolling MAR Diff Head (Token num 252) runtime: 0.00393223762512207s
[16:09:24.686640] Rolling MAR Enc-Dec runtime: 0.009867191314697266s
[16:09:24.691258] Rolling MAR Diff Head (Token num 251) runtime: 0.0037636756896972656s
[16:09:24.701617] Rolling MAR Enc-Dec runtime: 0.009842872619628906s
[16:09:24.706267] Rolling MAR Diff Head (Token num 250) runtime: 0.00377655029296875s
[16:09:24.716632] Rolling MAR Enc-Dec runtime: 0.0098419189453125s
[16:09:24.721307] Rolling MAR Diff Head (Token num 249) runtime: 0.003817319869995117s
[16:09:24.731710] Rolling MAR Enc-Dec runtime: 0.00986790657043457s
[16:09:24.736359] Rolling MAR Diff Head (Token num 248) runtime: 0.003793478012084961s
[16:09:24.746791] Rolling MAR Enc-Dec runtime: 0.009860992431640625s
[16:09:24.751395] Rolling MAR Diff Head (Token num 247) runtime: 0.003758668899536133s
[16:09:24.761670] Rolling MAR Enc-Dec runtime: 0.00975942611694336s
[16:09:24.766215] Rolling MAR Diff Head (Token num 246) runtime: 0.0036993026733398438s
[16:09:24.776576] Rolling MAR Enc-Dec runtime: 0.009838342666625977s
[16:09:24.781181] Rolling MAR Diff Head (Token num 245) runtime: 0.003750324249267578s
[16:09:24.791692] Rolling MAR Enc-Dec runtime: 0.009917497634887695s
[16:09:24.796249] Rolling MAR Diff Head (Token num 244) runtime: 0.0037419795989990234s
[16:09:24.806569] Rolling MAR Enc-Dec runtime: 0.009802103042602539s
[16:09:24.811164] Rolling MAR Diff Head (Token num 243) runtime: 0.0037801265716552734s
[16:09:24.821573] Rolling MAR Enc-Dec runtime: 0.009827613830566406s
[16:09:24.826137] Rolling MAR Diff Head (Token num 242) runtime: 0.0037381649017333984s
[16:09:24.836455] Rolling MAR Enc-Dec runtime: 0.009819746017456055s
[16:09:24.840973] Rolling MAR Diff Head (Token num 241) runtime: 0.0036652088165283203s
[16:09:24.851359] Rolling MAR Enc-Dec runtime: 0.009870052337646484s
[16:09:24.855965] Rolling MAR Diff Head (Token num 240) runtime: 0.003752470016479492s
[16:09:24.866264] Rolling MAR Enc-Dec runtime: 0.009777069091796875s
[16:09:24.870912] Rolling MAR Diff Head (Token num 239) runtime: 0.003808736801147461s
[16:09:24.881346] Rolling MAR Enc-Dec runtime: 0.009870052337646484s
[16:09:24.885942] Rolling MAR Diff Head (Token num 238) runtime: 0.0037355422973632812s
[16:09:24.896293] Rolling MAR Enc-Dec runtime: 0.009816884994506836s
[16:09:24.900811] Rolling MAR Diff Head (Token num 237) runtime: 0.003692626953125s
[16:09:24.911134] Rolling MAR Enc-Dec runtime: 0.009796380996704102s
[16:09:24.915676] Rolling MAR Diff Head (Token num 236) runtime: 0.0036830902099609375s
[16:09:24.925904] Rolling MAR Enc-Dec runtime: 0.009712696075439453s
[16:09:24.930469] Rolling MAR Diff Head (Token num 235) runtime: 0.003720998764038086s
[16:09:24.940701] Rolling MAR Enc-Dec runtime: 0.009708404541015625s
[16:09:24.945273] Rolling MAR Diff Head (Token num 234) runtime: 0.00372314453125s
[16:09:24.955483] Rolling MAR Enc-Dec runtime: 0.009675741195678711s
[16:09:24.959973] Rolling MAR Diff Head (Token num 233) runtime: 0.0036649703979492188s
[16:09:24.970229] Rolling MAR Enc-Dec runtime: 0.009740352630615234s
[16:09:24.974759] Rolling MAR Diff Head (Token num 232) runtime: 0.003702402114868164s
[16:09:24.984954] Rolling MAR Enc-Dec runtime: 0.009688615798950195s
[16:09:24.989581] Rolling MAR Diff Head (Token num 231) runtime: 0.0037508010864257812s
[16:09:24.999901] Rolling MAR Enc-Dec runtime: 0.009807825088500977s
[16:09:25.004465] Rolling MAR Diff Head (Token num 230) runtime: 0.0037369728088378906s
[16:09:25.014758] Rolling MAR Enc-Dec runtime: 0.009760856628417969s
[16:09:25.019338] Rolling MAR Diff Head (Token num 229) runtime: 0.003722667694091797s
[16:09:25.029636] Rolling MAR Enc-Dec runtime: 0.009718179702758789s
[16:09:25.034100] Rolling MAR Diff Head (Token num 228) runtime: 0.0036678314208984375s
[16:09:25.044283] Rolling MAR Enc-Dec runtime: 0.009673357009887695s
[16:09:25.048859] Rolling MAR Diff Head (Token num 227) runtime: 0.003719806671142578s
[16:09:25.059059] Rolling MAR Enc-Dec runtime: 0.009683370590209961s
[16:09:25.063512] Rolling MAR Diff Head (Token num 226) runtime: 0.003646373748779297s
[16:09:25.073749] Rolling MAR Enc-Dec runtime: 0.0096893310546875s
[16:09:25.078218] Rolling MAR Diff Head (Token num 225) runtime: 0.003667116165161133s
[16:09:25.088523] Rolling MAR Enc-Dec runtime: 0.009806632995605469s
[16:09:25.093192] Rolling MAR Diff Head (Token num 224) runtime: 0.0037834644317626953s
[16:09:25.103655] Rolling MAR Enc-Dec runtime: 0.00984501838684082s
[16:09:25.108203] Rolling MAR Diff Head (Token num 222) runtime: 0.0036957263946533203s
[16:09:25.118514] Rolling MAR Enc-Dec runtime: 0.009802818298339844s
[16:09:25.123071] Rolling MAR Diff Head (Token num 220) runtime: 0.003699064254760742s
[16:09:25.133366] Rolling MAR Enc-Dec runtime: 0.009784221649169922s
[16:09:25.137867] Rolling MAR Diff Head (Token num 218) runtime: 0.003669261932373047s
[16:09:25.148117] Rolling MAR Enc-Dec runtime: 0.009729385375976562s
[16:09:25.152711] Rolling MAR Diff Head (Token num 216) runtime: 0.003735065460205078s
[16:09:25.162973] Rolling MAR Enc-Dec runtime: 0.009739398956298828s
[16:09:25.167534] Rolling MAR Diff Head (Token num 213) runtime: 0.0037131309509277344s
[16:09:25.177825] Rolling MAR Enc-Dec runtime: 0.009775161743164062s
[16:09:25.182377] Rolling MAR Diff Head (Token num 211) runtime: 0.003698587417602539s
[16:09:25.192633] Rolling MAR Enc-Dec runtime: 0.009728431701660156s
[16:09:25.197194] Rolling MAR Diff Head (Token num 209) runtime: 0.0037267208099365234s
[16:09:25.207753] Rolling MAR Enc-Dec runtime: 0.009881973266601562s
[16:09:25.212302] Rolling MAR Diff Head (Token num 207) runtime: 0.0037147998809814453s
[16:09:25.222655] Rolling MAR Enc-Dec runtime: 0.009826183319091797s
[16:09:25.227206] Rolling MAR Diff Head (Token num 204) runtime: 0.0036885738372802734s
[16:09:25.237414] Rolling MAR Enc-Dec runtime: 0.009706258773803711s
[16:09:25.241907] Rolling MAR Diff Head (Token num 202) runtime: 0.0036711692810058594s
[16:09:25.252426] Rolling MAR Enc-Dec runtime: 0.009957551956176758s
[16:09:25.257025] Rolling MAR Diff Head (Token num 199) runtime: 0.003743886947631836s
[16:09:25.267519] Rolling MAR Enc-Dec runtime: 0.009911537170410156s
[16:09:25.272059] Rolling MAR Diff Head (Token num 197) runtime: 0.003688335418701172s
[16:09:25.282273] Rolling MAR Enc-Dec runtime: 0.009706497192382812s
[16:09:25.286806] Rolling MAR Diff Head (Token num 194) runtime: 0.0036897659301757812s
[16:09:25.297044] Rolling MAR Enc-Dec runtime: 0.009722471237182617s
[16:09:25.301650] Rolling MAR Diff Head (Token num 192) runtime: 0.0037441253662109375s
[16:09:25.311950] Rolling MAR Enc-Dec runtime: 0.00976872444152832s
[16:09:25.316512] Rolling MAR Diff Head (Token num 189) runtime: 0.0037245750427246094s
[16:09:25.326731] Rolling MAR Enc-Dec runtime: 0.009711742401123047s
[16:09:25.331240] Rolling MAR Diff Head (Token num 186) runtime: 0.0036983489990234375s
[16:09:25.341633] Rolling MAR Enc-Dec runtime: 0.009818553924560547s
[16:09:25.346264] Rolling MAR Diff Head (Token num 183) runtime: 0.0037758350372314453s
[16:09:25.356634] Rolling MAR Enc-Dec runtime: 0.009796142578125s
[16:09:25.361146] Rolling MAR Diff Head (Token num 181) runtime: 0.0036780834197998047s
[16:09:25.371437] Rolling MAR Enc-Dec runtime: 0.009769201278686523s
[16:09:25.375968] Rolling MAR Diff Head (Token num 178) runtime: 0.003698587417602539s
[16:09:25.386159] Rolling MAR Enc-Dec runtime: 0.009685754776000977s
[16:09:25.390661] Rolling MAR Diff Head (Token num 175) runtime: 0.0036776065826416016s
[16:09:25.400892] Rolling MAR Enc-Dec runtime: 0.009726762771606445s
[16:09:25.405481] Rolling MAR Diff Head (Token num 172) runtime: 0.003729104995727539s
[16:09:25.415959] Rolling MAR Enc-Dec runtime: 0.009917974472045898s
[16:09:25.420572] Rolling MAR Diff Head (Token num 169) runtime: 0.0037429332733154297s
[16:09:25.430880] Rolling MAR Enc-Dec runtime: 0.009734869003295898s
[16:09:25.435375] Rolling MAR Diff Head (Token num 166) runtime: 0.003671884536743164s
[16:09:25.445596] Rolling MAR Enc-Dec runtime: 0.009717941284179688s
[16:09:25.450070] Rolling MAR Diff Head (Token num 163) runtime: 0.0036666393280029297s
[16:09:25.460247] Rolling MAR Enc-Dec runtime: 0.009671926498413086s
[16:09:25.464742] Rolling MAR Diff Head (Token num 160) runtime: 0.0036809444427490234s
[16:09:25.475113] Rolling MAR Enc-Dec runtime: 0.009815692901611328s
[16:09:25.479803] Rolling MAR Diff Head (Token num 156) runtime: 0.0038406848907470703s
[16:09:25.490110] Rolling MAR Enc-Dec runtime: 0.009802103042602539s
[16:09:25.494631] Rolling MAR Diff Head (Token num 153) runtime: 0.003719329833984375s
[16:09:25.504996] Rolling MAR Enc-Dec runtime: 0.009846210479736328s
[16:09:25.509604] Rolling MAR Diff Head (Token num 150) runtime: 0.0037479400634765625s
[16:09:25.519948] Rolling MAR Enc-Dec runtime: 0.009833097457885742s
[16:09:25.524494] Rolling MAR Diff Head (Token num 147) runtime: 0.0037016868591308594s
[16:09:25.534847] Rolling MAR Enc-Dec runtime: 0.009797096252441406s
[16:09:25.539347] Rolling MAR Diff Head (Token num 143) runtime: 0.0037000179290771484s
[16:09:25.549708] Rolling MAR Enc-Dec runtime: 0.009845495223999023s
[16:09:25.554281] Rolling MAR Diff Head (Token num 140) runtime: 0.0037238597869873047s
[16:09:25.564445] Rolling MAR Enc-Dec runtime: 0.009636163711547852s
[16:09:25.568901] Rolling MAR Diff Head (Token num 137) runtime: 0.0036437511444091797s
[16:09:25.579121] Rolling MAR Enc-Dec runtime: 0.009720087051391602s
[16:09:25.583642] Rolling MAR Diff Head (Token num 133) runtime: 0.0036983489990234375s
[16:09:25.593999] Rolling MAR Enc-Dec runtime: 0.009840011596679688s
[16:09:25.598687] Rolling MAR Diff Head (Token num 130) runtime: 0.003807544708251953s
[16:09:25.609035] Rolling MAR Enc-Dec runtime: 0.009824037551879883s
[16:09:25.613627] Rolling MAR Diff Head (Token num 126) runtime: 0.0037326812744140625s
[16:09:25.624022] Rolling MAR Enc-Dec runtime: 0.009860038757324219s
[16:09:25.628573] Rolling MAR Diff Head (Token num 123) runtime: 0.0037145614624023438s
[16:09:25.638972] Rolling MAR Enc-Dec runtime: 0.009890317916870117s
[16:09:25.643489] Rolling MAR Diff Head (Token num 119) runtime: 0.0036668777465820312s
[16:09:25.653759] Rolling MAR Enc-Dec runtime: 0.009771347045898438s
[16:09:25.658247] Rolling MAR Diff Head (Token num 116) runtime: 0.0036602020263671875s
[16:09:25.668547] Rolling MAR Enc-Dec runtime: 0.009788274765014648s
[16:09:25.673082] Rolling MAR Diff Head (Token num 112) runtime: 0.003719329833984375s
[16:09:25.683430] Rolling MAR Enc-Dec runtime: 0.009775161743164062s
[16:09:25.687862] Rolling MAR Diff Head (Token num 108) runtime: 0.003625631332397461s
[16:09:25.698095] Rolling MAR Enc-Dec runtime: 0.009735822677612305s
[16:09:25.702633] Rolling MAR Diff Head (Token num 105) runtime: 0.003703594207763672s
[16:09:25.712926] Rolling MAR Enc-Dec runtime: 0.00978994369506836s
[16:09:25.717505] Rolling MAR Diff Head (Token num 101) runtime: 0.003714323043823242s
[16:09:25.727847] Rolling MAR Enc-Dec runtime: 0.009808063507080078s
[16:09:25.732391] Rolling MAR Diff Head (Token num 97) runtime: 0.0036995410919189453s
[16:09:25.742782] Rolling MAR Enc-Dec runtime: 0.009821414947509766s
[16:09:25.747335] Rolling MAR Diff Head (Token num 94) runtime: 0.0037152767181396484s
[16:09:25.757570] Rolling MAR Enc-Dec runtime: 0.009710550308227539s
[16:09:25.762134] Rolling MAR Diff Head (Token num 90) runtime: 0.003713846206665039s
[16:09:25.772373] Rolling MAR Enc-Dec runtime: 0.00973367691040039s
[16:09:25.776859] Rolling MAR Diff Head (Token num 86) runtime: 0.003673076629638672s
[16:09:25.787131] Rolling MAR Enc-Dec runtime: 0.009757518768310547s
[16:09:25.791652] Rolling MAR Diff Head (Token num 82) runtime: 0.0036802291870117188s
[16:09:25.801866] Rolling MAR Enc-Dec runtime: 0.009715795516967773s
[16:09:25.806327] Rolling MAR Diff Head (Token num 79) runtime: 0.003652811050415039s
[16:09:25.816610] Rolling MAR Enc-Dec runtime: 0.009791135787963867s
[16:09:25.821128] Rolling MAR Diff Head (Token num 75) runtime: 0.003679037094116211s
[16:09:25.831347] Rolling MAR Enc-Dec runtime: 0.009706258773803711s
[16:09:25.835866] Rolling MAR Diff Head (Token num 71) runtime: 0.003686666488647461s
[16:09:25.846118] Rolling MAR Enc-Dec runtime: 0.00974893569946289s
[16:09:25.850673] Rolling MAR Diff Head (Token num 67) runtime: 0.003718137741088867s
[16:09:25.860861] Rolling MAR Enc-Dec runtime: 0.00968027114868164s
[16:09:25.865343] Rolling MAR Diff Head (Token num 63) runtime: 0.0036363601684570312s
[16:09:25.875543] Rolling MAR Enc-Dec runtime: 0.009675741195678711s
[16:09:25.880029] Rolling MAR Diff Head (Token num 59) runtime: 0.0036497116088867188s
[16:09:25.890313] Rolling MAR Enc-Dec runtime: 0.009769201278686523s
[16:09:25.894874] Rolling MAR Diff Head (Token num 55) runtime: 0.003715038299560547s
[16:09:25.905198] Rolling MAR Enc-Dec runtime: 0.00979471206665039s
[16:09:25.909913] Rolling MAR Diff Head (Token num 51) runtime: 0.003848552703857422s
[16:09:25.920191] Rolling MAR Enc-Dec runtime: 0.009769678115844727s
[16:09:25.924699] Rolling MAR Diff Head (Token num 47) runtime: 0.0036764144897460938s
[16:09:25.935023] Rolling MAR Enc-Dec runtime: 0.00982522964477539s
[16:09:25.939700] Rolling MAR Diff Head (Token num 44) runtime: 0.003841400146484375s
[16:09:25.950017] Rolling MAR Enc-Dec runtime: 0.009806394577026367s
[16:09:25.954555] Rolling MAR Diff Head (Token num 40) runtime: 0.0036809444427490234s
[16:09:25.964732] Rolling MAR Enc-Dec runtime: 0.009673118591308594s
[16:09:25.969199] Rolling MAR Diff Head (Token num 36) runtime: 0.0036220550537109375s
[16:09:25.979481] Rolling MAR Enc-Dec runtime: 0.009777307510375977s
[16:09:25.984091] Rolling MAR Diff Head (Token num 32) runtime: 0.0036923885345458984s
[16:09:25.994343] Rolling MAR Enc-Dec runtime: 0.00973820686340332s
[16:09:25.998807] Rolling MAR Diff Head (Token num 28) runtime: 0.003648996353149414s
[16:09:26.009052] Rolling MAR Enc-Dec runtime: 0.009742498397827148s
[16:09:26.013530] Rolling MAR Diff Head (Token num 24) runtime: 0.0036284923553466797s
[16:09:26.023819] Rolling MAR Enc-Dec runtime: 0.009788036346435547s
[16:09:26.028356] Rolling MAR Diff Head (Token num 20) runtime: 0.00371551513671875s
[16:09:26.038629] Rolling MAR Enc-Dec runtime: 0.009772062301635742s
[16:09:26.043093] Rolling MAR Diff Head (Token num 16) runtime: 0.003652811050415039s
[16:09:26.053384] Rolling MAR Enc-Dec runtime: 0.009784460067749023s
[16:09:26.057861] Rolling MAR Diff Head (Token num 12) runtime: 0.0036568641662597656s
[16:09:26.068134] Rolling MAR Enc-Dec runtime: 0.009749650955200195s
[16:09:26.072625] Rolling MAR Diff Head (Token num 8) runtime: 0.0036683082580566406s
[16:09:26.082894] Rolling MAR Enc-Dec runtime: 0.009768009185791016s
[16:09:26.087448] Rolling MAR Diff Head (Token num 4) runtime: 0.003701925277709961s
[16:09:26.087967] Rolling MAR runtime: 2.9763805866241455s
[16:09:26.101196] VAE Decoding runtime: 0.013181686401367188s